<?xml version="1.0" encoding="UTF-8"?>
<!-- Generated by org.testng.reporters.JUnitReportReporter -->
<testsuite hostname="DESKTOP-S5RJ1JC" failures="0" tests="1" name="Testngdemo.Parameterdemo" time="0.009" errors="0" timestamp="16 Mar 2021 07:51:01 GMT">
  <testcase classname="Testngdemo.Parameterdemo" name="broser" time="0.009"/>
</testsuite> <!-- Testngdemo.Parameterdemo -->
