<?xml version="1.0" encoding="UTF-8"?>
<!-- Generated by org.testng.reporters.JUnitReportReporter -->
<testsuite hostname="DESKTOP-S5RJ1JC" failures="0" tests="2" name="AutomationFramework.Multibrowser" time="49.903" errors="0" timestamp="16 Mar 2021 07:16:11 GMT">
  <testcase classname="AutomationFramework.Multibrowser" name="brows" time="38.072"/>
  <testcase classname="AutomationFramework.Multibrowser" name="brows" time="11.831"/>
</testsuite> <!-- AutomationFramework.Multibrowser -->
