<?xml version="1.0" encoding="UTF-8"?>
<!-- Generated by org.testng.reporters.JUnitReportReporter -->
<testsuite hostname="DESKTOP-S5RJ1JC" failures="0" tests="2" name="AutomationFramework.Testngprog" time="0.007" errors="0" timestamp="16 Mar 2021 07:25:47 GMT">
  <testcase classname="AutomationFramework.Testngprog" name="Test1" time="0.005"/>
  <testcase classname="AutomationFramework.Testngprog" name="Test2" time="0.002"/>
</testsuite> <!-- AutomationFramework.Testngprog -->
